Grid Size: 96^3
Time Steps: 800

Varying Cache Block Sizes:

12_clover.out
Momentum Advection    :         71.8609         34.8146
24_clover.out
Momentum Advection    :         61.2476         33.7871
32_clover.out
Momentum Advection    :         62.3483         34.6452
64_clover.out
Momentum Advection    :        101.3143         43.0734


Varying Tile Sizes:

1_clover.out
Momentum Advection    :         93.4651         40.7840
2_clover.out
Momentum Advection    :         91.0903         40.2232
27_clover.out
Momentum Advection    :         58.9616         26.9878
64_clover.out
Momentum Advection    :         62.7707         24.6781

