 
Clover Version    1.100
       MPI Version
    OpenMP Version
   Task Count      1
 Thread Count:    16
 
 Clover will run from the following input:-
 
*clover                                                                                                                                               
                                                                                                                                                      
 state 1 density=0.2 energy=1.0                                                                                                                       
 state 2 density=1.0 energy=2.5 geometry=cuboid xmin=0.0 xmax=5.0 ymin=0.0 ymax=2.0 zmin=0.0 zmax=4.0                                                 
                                                                                                                                                      
 x_cells=512                                                                                                                                          
 y_cells=512                                                                                                                                          
 z_cells=512                                                                                                                                          
                                                                                                                                                      
 xmin=0.0                                                                                                                                             
 ymin=0.0                                                                                                                                             
 zmin=0.0                                                                                                                                             
 xmax=10.0                                                                                                                                            
 ymax=10.0                                                                                                                                            
 zmax=10.0                                                                                                                                            
                                                                                                                                                      
 initial_timestep=0.1                                                                                                                                 
 max_timestep=0.1                                                                                                                                     
 end_step=100                                                                                                                                         
 end_time=1000.1                                                                                                                                      
 profiler_on=1                                                                                                                                        
                                                                                                                                                      
*endclover                                                                                                                                            
 
 Initialising and generating
 
 Reading input file
 
 Reading specification for state            1
 
            state density   0.2000E+00
             state energy   0.1000E+01
 
 Reading specification for state            2
 
            state density   0.1000E+01
             state energy   0.2500E+01
      state geometry cuboid
               state xmin   0.0000E+00
               state xmax   0.5000E+01
               state ymin   0.0000E+00
               state ymax   0.2000E+01
               state zmin   0.0000E+00
               state zmax   0.4000E+01
 
                   x_cells         512
                   y_cells         512
                   z_cells         512
                      xmin  0.0000E+00
                      ymin  0.0000E+00
                      zmin  0.0000E+00
                      xmax  0.1000E+02
                      ymax  0.1000E+02
                      zmax  0.1000E+02
         initial_timestep   0.1000E+00
              max_timestep  0.1000E+00
                  end_step         100
                  end_time  0.1000E+04
               Profiler on
 
     Using Fortran Kernels
 
 Input read finished.
 
 Setting up initial geometry
 
 
 Decomposing the mesh into            1  by            1  by            1  chunk
 s
 
 
 Decomposing the Chunk into            1  by            1  by            1  tile
 s
 
 Generating chunks
 
 Problem initialised and generated
 
 Time   0.000000000000000E+000
                       Volume            Mass         Density        Pressure Internal Energy  Kinetic Energy    Total Energy
 step:      0  0.10000000E+04  0.23221893E+03  0.23221893E+00  0.11705177E+00  0.29262943E+03  0.00000000E+00  0.29262943E+03
 
 Starting the calculation
 Step       1 time   0.0000000 control    sound    timestep   1.24E-02       1,       1 x  9.77E-03 y  9.77E-03
 Wall clock    8.98568415641785     
 Average time per cell   3.427766478125704E-005
 Step time per cell      3.427766387176234E-005
 Step       2 time   0.0123802 control    sound    timestep   4.77E-03       1,       1 x  9.77E-03 y  9.77E-03
 Wall clock    17.7588541507721     
 Average time per cell   3.387232618479175E-005
 Step time per cell      3.346661742398283E-005
 Step       3 time   0.0171468 control    sound    timestep   5.00E-03       1,       1 x  9.77E-03 y  9.77E-03
 Wall clock    26.6158921718597     
 Average time per cell   3.384385703005440E-005
 Step time per cell      3.378651035745861E-005
 Step       4 time   0.0221518 control    sound    timestep   5.26E-03       1,       1 x  9.77E-03 y  9.77E-03
 Wall clock    35.4135351181030     
 Average time per cell   3.377297889528563E-005
 Step time per cell      3.355992157594301E-005
 Step       5 time   0.0274070 control    sound    timestep   5.52E-03       1,       1 x  9.77E-03 y  9.77E-03
 Wall clock    44.2632591724396     
 Average time per cell   3.377018674655119E-005
 Step time per cell      3.375858341314597E-005
 Step       6 time   0.0329249 control    sound    timestep   5.79E-03       1,       1 x  9.77E-03 y  9.77E-03
 Wall clock    53.0475060939789     
 Average time per cell   3.372669607415446E-005
 Step time per cell      3.350882707309211E-005
 Step       7 time   0.0387188 control    sound    timestep   6.08E-03       1,       1 x  9.77E-03 y  9.77E-03
 Wall clock    61.9151871204376     
 Average time per cell   3.374109928699909E-005
 Step time per cell      3.382709928700933E-005
 Step       8 time   0.0448023 control    sound    timestep   6.39E-03       1,       1 x  9.77E-03 y  9.77E-03
 Wall clock    70.7297651767731     
 Average time per cell   3.372658022726682E-005
 Step time per cell      3.362453480804106E-005
 Step       9 time   0.0511901 control    sound    timestep   6.71E-03       1,       1 x  9.77E-03 y  9.77E-03
 Wall clock    79.5558869838715     
 Average time per cell   3.372018050463844E-005
 Step time per cell      3.366857526998501E-005
 Step      10 time   0.0578972 control    sound    timestep   7.04E-03       1,       1 x  9.77E-03 y  9.77E-03
 
 Time   6.493965640273265E-002
                       Volume            Mass         Density        Pressure Internal Energy  Kinetic Energy    Total Energy
 step:     10  0.10000000E+04  0.23221897E+03  0.23221897E+00  0.11669665E+00  0.29174162E+03  0.80569318E+00  0.29254731E+03
 
 Wall clock    88.6462931632996     
 Average time per cell   3.381587721378310E-005
 Step time per cell      3.467673468549037E-005
 Step      11 time   0.0649397 control    sound    timestep   7.39E-03       1,       1 x  9.77E-03 y  9.77E-03
 Wall clock    97.4836800098419     
 Average time per cell   3.380642977969149E-005
 Step time per cell      3.371178445377154E-005
 Step      12 time   0.0723343 control    sound    timestep   7.76E-03       1,       1 x  9.77E-03 y  9.77E-03
 Wall clock    106.272260189056     
 Average time per cell   3.378304169624850E-005
 Step time per cell      3.352534895384451E-005
 Step      13 time   0.0800986 control    sound    timestep   8.15E-03       1,       1 x  9.77E-03 y  9.77E-03
 Wall clock    115.119715213776     
 Average time per cell   3.378052791119374E-005
 Step time per cell      3.374979769432684E-005
 Step      14 time   0.0882511 control    sound    timestep   8.56E-03       1,       1 x  9.77E-03 y  9.77E-03
 Wall clock    123.919644117355     
 Average time per cell   3.376542339797847E-005
 Step time per cell      3.356863362569129E-005
 Step      15 time   0.0968113 control    sound    timestep   8.99E-03       1,       1 x  9.77E-03 y  9.77E-03
 Wall clock    132.770748138428     
 Average time per cell   3.376534732524306E-005
 Step time per cell      3.376386212039506E-005
 Step      16 time   0.1057995 control    sound    timestep   9.44E-03       1,       1 x  9.77E-03 y  9.77E-03
 Wall clock    141.594761133194     
 Average time per cell   3.375882175760125E-005
 Step time per cell      3.366052260389552E-005
 Step      17 time   0.1152371 control    sound    timestep   9.91E-03       1,       1 x  9.77E-03 y  9.77E-03
 Wall clock    150.420372009277     
 Average time per cell   3.375342245871092E-005
 Step time per cell      3.366662622283911E-005
 Step      18 time   0.1251465 control    sound    timestep   1.04E-02       1,       1 x  9.77E-03 y  9.77E-03
 Wall clock    159.214930057526     
 Average time per cell   3.374204212983992E-005
 Step time per cell      3.354813361511333E-005
 Step      19 time   0.1355515 control    sound    timestep   1.09E-02       1,       1 x  9.77E-03 y  9.77E-03
 Wall clock    168.085128068924     
 Average time per cell   3.374704623351327E-005
 Step time per cell      3.383669627510244E-005
 Step      20 time   0.1464766 control    sound    timestep   1.10E-02       1,       1 x  9.77E-03 y  9.77E-03
 
 Time   0.157526524145812     
                       Volume            Mass         Density        Pressure Internal Energy  Kinetic Energy    Total Energy
 step:     20  0.10000000E+04  0.23221907E+03  0.23221907E+00  0.11621016E+00  0.29052540E+03  0.20143342E+01  0.29253974E+03
 
 Wall clock    177.191541194916     
 Average time per cell   3.379660438440624E-005
 Step time per cell      3.473777815088397E-005
 Step      21 time   0.1575265 control    sound    timestep   1.11E-02       1,       1 x  9.77E-03 y  9.77E-03
 Wall clock    186.071880102158     
 Average time per cell   3.380037582073350E-005
 Step time per cell      3.387563720025355E-005
 Step      22 time   0.1685825 control    sound    timestep   1.11E-02       1,       1 x  9.77E-03 y  9.77E-03
 Wall clock    194.908970117569     
 Average time per cell   3.379630524333069E-005
 Step time per cell      3.371039565536194E-005
 Step      23 time   0.1796411 control    sound    timestep   1.11E-02       1,       1 x  9.77E-03 y  9.77E-03
 Wall clock    203.793059110641     
 Average time per cell   3.380038371055296E-005
 Step time per cell      3.388968616491184E-005
 Step      24 time   0.1906979 control    sound    timestep   1.11E-02       1,       1 x  9.77E-03 y  9.77E-03
 Wall clock    212.608705043793     
 Average time per cell   3.379324357410951E-005
 Step time per cell      3.362858933542157E-005
 Step      25 time   0.2017567 control    sound    timestep   1.11E-02       1,       1 x  9.77E-03 y  9.77E-03
 Wall clock    221.474622011185     
 Average time per cell   3.379434539965587E-005
 Step time per cell      3.382036629773211E-005
 Step      26 time   0.2128172 control    sound    timestep   1.11E-02       1,       1 x  9.77E-03 y  9.77E-03
 Wall clock    230.312890052795     
 Average time per cell   3.379130584317654E-005
 Step time per cell      3.371488128323108E-005
 Step      27 time   0.2238775 control    sound    timestep   1.11E-02       1,       1 x  9.77E-03 y  9.77E-03
 Wall clock    239.179722070694     
 Average time per cell   3.379252710281570E-005
 Step time per cell      3.382385239092400E-005
 Step      28 time   0.2349370 control    sound    timestep   1.11E-02       1,       1 x  9.77E-03 y  9.77E-03
 Wall clock    247.982793092728     
 Average time per cell   3.378497438331708E-005
 Step time per cell      3.358063895575469E-005
 Step      29 time   0.2459971 control    sound    timestep   1.11E-02       1,       1 x  9.77E-03 y  9.77E-03
 Wall clock    256.842518091202     
 Average time per cell   3.378539487788783E-005
 Step time per cell      3.379675672476878E-005
 Step      30 time   0.2570586 control    sound    timestep   1.11E-02       1,       1 x  9.77E-03 y  9.77E-03
 
 Time   0.268121987457702     
                       Volume            Mass         Density        Pressure Internal Energy  Kinetic Energy    Total Energy
 step:     30  0.10000000E+04  0.23221925E+03  0.23221925E+00  0.11564481E+00  0.28911202E+03  0.34117541E+01  0.29252378E+03
 
 Wall clock    265.952049016953     
 Average time per cell   3.381755180574449E-005
 Step time per cell      3.474966888461495E-005
 Step      31 time   0.2681220 control    sound    timestep   1.11E-02       1,       1 x  9.77E-03 y  9.77E-03
 Wall clock    274.787688016891     
 Average time per cell   3.381393039049844E-005
 Step time per cell      3.370511331013404E-005
 Step      32 time   0.2791863 control    sound    timestep   1.11E-02       1,       1 x  9.77E-03 y  9.77E-03
 Wall clock    283.588814020157     
 Average time per cell   3.380642104389153E-005
 Step time per cell      3.357320747454651E-005
 Step      33 time   0.2902524 control    sound    timestep   1.11E-02       1,       1 x  9.77E-03 y  9.77E-03
 Wall clock    292.426952123642     
 Average time per cell   3.380364529276090E-005
 Step time per cell      3.371441289345967E-005
 Step      34 time   0.3013204 control    sound    timestep   1.11E-02       1,       1 x  9.77E-03 y  9.77E-03
 Wall clock    301.228454113007     
 Average time per cell   3.379692235980388E-005
 Step time per cell      3.357463810971240E-005
 Step      35 time   0.3123893 control    sound    timestep   1.11E-02       1,       1 x  9.77E-03 y  9.77E-03
 Wall clock    310.096823215485     
 Average time per cell   3.379787153140309E-005
 Step time per cell      3.382966679055244E-005
 Step      36 time   0.3234588 control    sound    timestep   1.11E-02       1,       1 x  9.77E-03 y  9.77E-03
 Wall clock    318.923379182816     
 Average time per cell   3.379433729201587E-005
 Step time per cell      3.367021236044820E-005
 Step      37 time   0.3345291 control    sound    timestep   1.11E-02       1,       1 x  9.77E-03 y  9.77E-03
 Wall clock    327.797408103943     
 Average time per cell   3.379588855062360E-005
 Step time per cell      3.385132185940165E-005
 Step      38 time   0.3456005 control    sound    timestep   1.11E-02       1,       1 x  9.77E-03 y  9.77E-03
 Wall clock    336.601035118103     
 Average time per cell   3.379029074398874E-005
 Step time per cell      3.358274807396811E-005
 Step      39 time   0.3566734 control    sound    timestep   1.11E-02       1,       1 x  9.77E-03 y  9.77E-03
 Wall clock    345.451385021210     
 Average time per cell   3.378955009863533E-005
 Step time per cell      3.376098266016925E-005
 Step      40 time   0.3677475 control    sound    timestep   1.11E-02       1,       1 x  9.77E-03 y  9.77E-03
 
 Time   0.378821259465902     
                       Volume            Mass         Density        Pressure Internal Energy  Kinetic Energy    Total Energy
 step:     40  0.10000000E+04  0.23221951E+03  0.23221951E+00  0.11509966E+00  0.28774916E+03  0.47582836E+01  0.29250744E+03
 
 Wall clock    354.534356117249     
 Average time per cell   3.381103097126470E-005
 Step time per cell      3.464836845523678E-005
 Step      41 time   0.3788213 control    sound    timestep   1.11E-02       1,       1 x  9.77E-03 y  9.77E-03
 Wall clock    363.373937129974     
 Average time per cell   3.380881864314887E-005
 Step time per cell      3.372014998603845E-005
 Step      42 time   0.3898950 control    sound    timestep   1.11E-02       1,       1 x  9.77E-03 y  9.77E-03
 Wall clock    372.201227188110     
 Average time per cell   3.380559532420843E-005
 Step time per cell      3.367300814716145E-005
 Step      43 time   0.4009694 control    sound    timestep   1.11E-02       1,       1 x  9.77E-03 y  9.77E-03
 Wall clock    381.084836006165     
 Average time per cell   3.380751818334576E-005
 Step time per cell      3.388785626157187E-005
 Step      44 time   0.4120440 control    sound    timestep   1.11E-02       1,       1 x  9.77E-03 y  9.77E-03
 Wall clock    389.931254148483     
 Average time per cell   3.380612929504423E-005
 Step time per cell      3.374598327354761E-005
 Step      45 time   0.4231188 control    sound    timestep   1.11E-02       1,       1 x  9.77E-03 y  9.77E-03
 Wall clock    398.782966136932     
 Average time per cell   3.380525090000851E-005
 Step time per cell      3.376617769390577E-005
 Step      46 time   0.4341937 control    sound    timestep   1.11E-02       1,       1 x  9.77E-03 y  9.77E-03
 Wall clock    407.600691080093     
 Average time per cell   3.380159221152375E-005
 Step time per cell      3.363653559063096E-005
 Step      47 time   0.4452693 control    sound    timestep   1.11E-02       1,       1 x  9.77E-03 y  9.77E-03
 Wall clock    416.473494052887     
 Average time per cell   3.380255955252846E-005
 Step time per cell      3.384663705219282E-005
 Step      48 time   0.4563456 control    sound    timestep   1.11E-02       1,       1 x  9.77E-03 y  9.77E-03
 Wall clock    425.293093204498     
 Average time per cell   3.379925832784162E-005
 Step time per cell      3.364365784364054E-005
 Step      49 time   0.4674224 control    sound    timestep   1.11E-02       1,       1 x  9.77E-03 y  9.77E-03
 Wall clock    434.144584178925     
 Average time per cell   3.379857465618870E-005
 Step time per cell      3.376534277776955E-005
 Step      50 time   0.4784995 control    sound    timestep   1.11E-02       1,       1 x  9.77E-03 y  9.77E-03
 
 Time   0.489577027574602     
                       Volume            Mass         Density        Pressure Internal Energy  Kinetic Energy    Total Energy
 step:     50  0.10000000E+04  0.23221985E+03  0.23221985E+00  0.11457446E+00  0.28643616E+03  0.60559040E+01  0.29249207E+03
 
 Wall clock    443.298843145370     
 Average time per cell   3.382101769602741E-005
 Step time per cell      3.492029190965695E-005
 Step      51 time   0.4895770 control    sound    timestep   1.11E-02       1,       1 x  9.77E-03 y  9.77E-03
 Wall clock    452.173660039902     
 Average time per cell   3.382167891258552E-005
 Step time per cell      3.385457148397109E-005
 Step      52 time   0.5006553 control    sound    timestep   1.11E-02       1,       1 x  9.77E-03 y  9.77E-03
 Wall clock    460.998522996902     
 Average time per cell   3.381865009872014E-005
 Step time per cell      3.366375676705502E-005
 Step      53 time   0.5117344 control    sound    timestep   1.11E-02       1,       1 x  9.77E-03 y  9.77E-03
 Wall clock    469.884810209274     
 Average time per cell   3.382015661630265E-005
 Step time per cell      3.389802623132709E-005
 Step      54 time   0.5228145 control    sound    timestep   1.11E-02       1,       1 x  9.77E-03 y  9.77E-03
 Wall clock    478.698561191559     
 Average time per cell   3.381648319326040E-005
 Step time per cell      3.362137613294180E-005
 Step      55 time   0.5338951 control    sound    timestep   1.11E-02       1,       1 x  9.77E-03 y  9.77E-03
 Wall clock    487.560642004013     
 Average time per cell   3.381629541598324E-005
 Step time per cell      3.380571433808655E-005
 Step      56 time   0.5449755 control    sound    timestep   1.11E-02       1,       1 x  9.77E-03 y  9.77E-03
 Wall clock    496.389379024506     
 Average time per cell   3.381384297946559E-005
 Step time per cell      3.367855151736876E-005
 Step      57 time   0.5560560 control    sound    timestep   1.11E-02       1,       1 x  9.77E-03 y  9.77E-03
 Wall clock    505.276553153992     
 Average time per cell   3.381538746843784E-005
 Step time per cell      3.390144320292166E-005
 Step      58 time   0.5671368 control    sound    timestep   1.11E-02       1,       1 x  9.77E-03 y  9.77E-03
 Wall clock    514.095319986343     
 Average time per cell   3.381237950728472E-005
 Step time per cell      3.364052190590883E-005
 Step      59 time   0.5782177 control    sound    timestep   1.11E-02       1,       1 x  9.77E-03 y  9.77E-03
 Wall clock    522.951299190521     
 Average time per cell   3.381187950978174E-005
 Step time per cell      3.378244764462579E-005
 Step      60 time   0.5892988 control    sound    timestep   1.11E-02       1,       1 x  9.77E-03 y  9.77E-03
 
 Time   0.600379961401710     
                       Volume            Mass         Density        Pressure Internal Energy  Kinetic Energy    Total Energy
 step:     60  0.10000000E+04  0.23222027E+03  0.23222027E+00  0.11406897E+00  0.28517242E+03  0.73049314E+01  0.29247736E+03
 
 Wall clock    532.092967987061     
 Average time per cell   3.382955983397551E-005
 Step time per cell      3.487227240839275E-005
 Step      61 time   0.6003800 control    sound    timestep   1.11E-02       1,       1 x  9.77E-03 y  9.77E-03
 Wall clock    540.957267045975     
 Average time per cell   3.382931487574184E-005
 Step time per cell      3.381444912520237E-005
 Step      62 time   0.6114619 control    sound    timestep   1.11E-02       1,       1 x  9.77E-03 y  9.77E-03
 Wall clock    549.791607141495     
 Average time per cell   3.382723452300378E-005
 Step time per cell      3.369990190549288E-005
 Step      63 time   0.6225443 control    sound    timestep   1.11E-02       1,       1 x  9.77E-03 y  9.77E-03
 Wall clock    558.678320169449     
 Average time per cell   3.382839143356135E-005
 Step time per cell      3.389970424905187E-005
 Step      64 time   0.6336268 control    sound    timestep   1.11E-02       1,       1 x  9.77E-03 y  9.77E-03
 Wall clock    567.551268100739     
 Average time per cell   3.382869172696701E-005
 Step time per cell      3.384718729648739E-005
 Step      65 time   0.6447097 control    sound    timestep   1.11E-02       1,       1 x  9.77E-03 y  9.77E-03
 Wall clock    576.418132066727     
 Average time per cell   3.382862572694789E-005
 Step time per cell      3.382397790119285E-005
 Step      66 time   0.6557930 control    sound    timestep   1.11E-02       1,       1 x  9.77E-03 y  9.77E-03
 Wall clock    585.240139007568     
 Average time per cell   3.382596906069949E-005
 Step time per cell      3.365286283951718E-005
 Step      67 time   0.6668769 control    sound    timestep   1.11E-02       1,       1 x  9.77E-03 y  9.77E-03
 Wall clock    594.127963066101     
 Average time per cell   3.382713904685980E-005
 Step time per cell      3.390393067093100E-005
 Step      68 time   0.6779616 control    sound    timestep   1.11E-02       1,       1 x  9.77E-03 y  9.77E-03
 Wall clock    602.957733154297     
 Average time per cell   3.382501788163448E-005
 Step time per cell      3.368247234902810E-005
 Step      69 time   0.6890471 control    sound    timestep   1.11E-02       1,       1 x  9.77E-03 y  9.77E-03
 Wall clock    611.830099105835     
 Average time per cell   3.382531313168263E-005
 Step time per cell      3.384497085789917E-005
 Step      70 time   0.7001323 control    sound    timestep   1.11E-02       1,       1 x  9.77E-03 y  9.77E-03
 
 Time   0.711217564725026     
                       Volume            Mass         Density        Pressure Internal Energy  Kinetic Energy    Total Energy
 step:     70  0.10000000E+04  0.23222077E+03  0.23222077E+00  0.11358309E+00  0.28395773E+03  0.85058638E+01  0.29246359E+03
 
 Wall clock    620.939120054245     
 Average time per cell   3.383849661986460E-005
 Step time per cell      3.474773711786838E-005
 Step      71 time   0.7112176 control    sound    timestep   1.11E-02       1,       1 x  9.77E-03 y  9.77E-03
 Wall clock    629.905224084854     
 Average time per cell   3.384363008337178E-005
 Step time per cell      3.420279699639650E-005
 Step      72 time   0.7223030 control    sound    timestep   1.11E-02       1,       1 x  9.77E-03 y  9.77E-03
 Wall clock    638.766894102097     
 Average time per cell   3.384308783754225E-005
 Step time per cell      3.380417274456704E-005
 Step      73 time   0.7333886 control    sound    timestep   1.11E-02       1,       1 x  9.77E-03 y  9.77E-03
 Wall clock    647.662165164948     
 Average time per cell   3.384431630826702E-005
 Step time per cell      3.393233873794088E-005
 Step      74 time   0.7444742 control    sound    timestep   1.11E-02       1,       1 x  9.77E-03 y  9.77E-03
 Wall clock    656.501421213150     
 Average time per cell   3.384262400514500E-005
 Step time per cell      3.371866205270635E-005
 Step      75 time   0.7555600 control    sound    timestep   1.11E-02       1,       1 x  9.77E-03 y  9.77E-03
 Wall clock    665.410598993301     
 Average time per cell   3.384453323330187E-005
 Step time per cell      3.398541321075754E-005
 Step      76 time   0.7666462 control    sound    timestep   1.11E-02       1,       1 x  9.77E-03 y  9.77E-03
 Wall clock    674.310850143433     
 Average time per cell   3.384594416083450E-005
 Step time per cell      3.395132807781920E-005
 Step      77 time   0.7777329 control    sound    timestep   1.11E-02       1,       1 x  9.77E-03 y  9.77E-03
 Wall clock    683.182821035385     
 Average time per cell   3.384591739383971E-005
 Step time per cell      3.384346382517833E-005
 Step      78 time   0.7888198 control    sound    timestep   1.11E-02       1,       1 x  9.77E-03 y  9.77E-03
 Wall clock    692.061885118484     
 Average time per cell   3.384623821544572E-005
 Step time per cell      3.387051401659846E-005
 Step      79 time   0.7999069 control    sound    timestep   1.11E-02       1,       1 x  9.77E-03 y  9.77E-03
 Wall clock    700.946609020233     
 Average time per cell   3.384682421238733E-005
 Step time per cell      3.389210087334504E-005
 Step      80 time   0.8109943 control    sound    timestep   1.11E-02       1,       1 x  9.77E-03 y  9.77E-03
 
 Time   0.822082265768328     
                       Volume            Mass         Density        Pressure Internal Energy  Kinetic Energy    Total Energy
 step:     80  0.10000000E+04  0.23222135E+03  0.23222135E+00  0.11311643E+00  0.28279107E+03  0.96595674E+01  0.29245064E+03
 
 Wall clock    710.091191053391     
 Average time per cell   3.385978656069710E-005
 Step time per cell      3.488338461465901E-005
 Step      81 time   0.8220823 control    sound    timestep   1.11E-02       1,       1 x  9.77E-03 y  9.77E-03
 Wall clock    718.971263170242     
 Average time per cell   3.385997174911698E-005
 Step time per cell      3.387461492820876E-005
 Step      82 time   0.8331708 control    sound    timestep   1.11E-02       1,       1 x  9.77E-03 y  9.77E-03
 Wall clock    727.849435091019     
 Average time per cell   3.386006402229768E-005
 Step time per cell      3.386711887287674E-005
 Step      83 time   0.8442600 control    sound    timestep   1.11E-02       1,       1 x  9.77E-03 y  9.77E-03
 Wall clock    736.771456003189     
 Average time per cell   3.386216938079416E-005
 Step time per cell      3.403431310289307E-005
 Step      84 time   0.8553492 control    sound    timestep   1.11E-02       1,       1 x  9.77E-03 y  9.77E-03
 Wall clock    745.633962154388     
 Average time per cell   3.386152186413667E-005
 Step time per cell      3.380733141966630E-005
 Step      85 time   0.8664383 control    sound    timestep   1.11E-02       1,       1 x  9.77E-03 y  9.77E-03
 Wall clock    754.574666023254     
 Average time per cell   3.386439900222125E-005
 Step time per cell      3.410552562854718E-005
 Step      86 time   0.8775275 control    sound    timestep   1.11E-02       1,       1 x  9.77E-03 y  9.77E-03
 Wall clock    763.414418220520     
 Average time per cell   3.386273132237811E-005
 Step time per cell      3.372055834915955E-005
 Step      87 time   0.8886169 control    sound    timestep   1.11E-02       1,       1 x  9.77E-03 y  9.77E-03
 Wall clock    772.316384077072     
 Average time per cell   3.386382986823212E-005
 Step time per cell      3.395787007320905E-005
 Step      88 time   0.8997063 control    sound    timestep   1.11E-02       1,       1 x  9.77E-03 y  9.77E-03
 Wall clock    781.158084154129     
 Average time per cell   3.386229099595023E-005
 Step time per cell      3.372798164491542E-005
 Step      89 time   0.9107958 control    sound    timestep   1.11E-02       1,       1 x  9.77E-03 y  9.77E-03
 Wall clock    790.068993091583     
 Average time per cell   3.386375311911865E-005
 Step time per cell      3.399198885745136E-005
 Step      90 time   0.9218857 control    sound    timestep   1.11E-02       1,       1 x  9.77E-03 y  9.77E-03
 
 Time   0.932975954176247     
                       Volume            Mass         Density        Pressure Internal Energy  Kinetic Energy    Total Energy
 step:     90  0.10000000E+04  0.23222202E+03  0.23222202E+00  0.11266875E+00  0.28167187E+03  0.10766427E+02  0.29243829E+03
 
 Wall clock    799.231628179550     
 Average time per cell   3.387585229575052E-005
 Step time per cell      3.495225882943487E-005
 Step      91 time   0.9329760 control    sound    timestep   1.11E-02       1,       1 x  9.77E-03 y  9.77E-03
 Wall clock    808.170495033264     
 Average time per cell   3.387830524793621E-005
 Step time per cell      3.409889541217126E-005
 Step      92 time   0.9440664 control    sound    timestep   1.11E-02       1,       1 x  9.77E-03 y  9.77E-03
 Wall clock    817.038058996201     
 Average time per cell   3.387774836483004E-005
 Step time per cell      3.382663362572202E-005
 Step      93 time   0.9551571 control    sound    timestep   1.11E-02       1,       1 x  9.77E-03 y  9.77E-03
 Wall clock    825.939946174622     
 Average time per cell   3.387861133594396E-005
 Step time per cell      3.395759995328262E-005
 Step      94 time   0.9662480 control    sound    timestep   1.11E-02       1,       1 x  9.77E-03 y  9.77E-03
 Wall clock    834.801923036575     
 Average time per cell   3.387783631006506E-005
 Step time per cell      3.380535508767935E-005
 Step      95 time   0.9773394 control    sound    timestep   1.11E-02       1,       1 x  9.77E-03 y  9.77E-03
 Wall clock    843.698406219482     
 Average time per cell   3.387846319176453E-005
 Step time per cell      3.393697807041463E-005
 Step      96 time   0.9884313 control    sound    timestep   1.11E-02       1,       1 x  9.77E-03 y  9.77E-03
 Wall clock    852.558590173721     
 Average time per cell   3.387763461167500E-005
 Step time per cell      3.379850022611208E-005
 Step      97 time   0.9995237 control    sound    timestep   1.11E-02       1,       1 x  9.77E-03 y  9.77E-03
 Wall clock    861.454128026962     
 Average time per cell   3.387821347057548E-005
 Step time per cell      3.393337283341680E-005
 Step      98 time   1.0106161 control    sound    timestep   1.11E-02       1,       1 x  9.77E-03 y  9.77E-03
 Wall clock    870.328680038452     
 Average time per cell   3.387796363201734E-005
 Step time per cell      3.385331729077734E-005
 Step      99 time   1.0217085 control    sound    timestep   1.11E-02       1,       1 x  9.77E-03 y  9.77E-03
 Wall clock    879.231266021729     
 Average time per cell   3.387879905399086E-005
 Step time per cell      3.396024385438068E-005
 Step     100 time   1.0328010 control    sound    timestep   1.11E-02       1,       1 x  9.77E-03 y  9.77E-03
 
 Time    1.04389358004137     
                       Volume            Mass         Density        Pressure Internal Energy  Kinetic Energy    Total Energy
 step:    100  0.10000000E+04  0.23222276E+03  0.23222276E+00  0.11223973E+00  0.28059933E+03  0.11827229E+02  0.29242656E+03
 
 
 Time    1.04389358004137     
                       Volume            Mass         Density        Pressure Internal Energy  Kinetic Energy    Total Energy
 step:    100  0.10000000E+04  0.23222276E+03  0.23222276E+00  0.11223973E+00  0.28059933E+03  0.11827229E+02  0.29242656E+03
 
 
 Calculation complete
 Clover is finishing
 Wall clock    888.659488201141     
 First step overhead  0.212610960006714     
 
Profiler Output                 Time            Percentage
Timestep              :         28.7021          3.2298
Ideal Gas             :         20.1082          2.2628
Viscosity             :         24.0949          2.7114
PdV                   :         71.2933          8.0226
Revert                :          9.3609          1.0534
Acceleration          :         35.8538          4.0346
Fluxes                :         29.6971          3.3418
Cell Advection        :        168.1730         18.9243
Momentum Advection    :        461.2612         51.9053
Reset                 :         23.2660          2.6181
Tile Halo Exchange    :          0.0015          0.0002
Self Halo Exchange    :         14.7520          1.6600
MPI Halo Exchange     :          0.0037          0.0004
Summary               :          2.0679          0.2327
Visit                 :          0.0000          0.0000
Total                 :        888.6355         99.9973
The Rest              :          0.0240          0.0027
 FLOPS: Cell Adv                    :                     0
 FLOPS: Mom Adv                     :    802194346391836032
 Momentum Adv Bytes                 :   3377694495695039488
