
Clover Version    1.100
       MPI Version
    OpenMP Version
   Task Count      1
 Thread Count:     4

 Clover will run from the following input:-

*clover                                                                                                                                               
                                                                                                                                                      
 state 1 density=0.2 energy=1.0                                                                                                                       
 state 2 density=1.0 energy=2.5 geometry=cuboid xmin=0.0 xmax=5.0 ymin=0.0 ymax=2.0 zmin=0.0 zmax=4.0                                                 
                                                                                                                                                      
 x_cells=128                                                                                                                                          
 y_cells=128                                                                                                                                          
 z_cells=128                                                                                                                                          
                                                                                                                                                      
 block_size_x=128                                                                                                                                     
 block_size_y=4                                                                                                                                       
 block_size_z=4                                                                                                                                       
                                                                                                                                                      
 xmin=0.0                                                                                                                                             
 ymin=0.0                                                                                                                                             
 zmin=0.0                                                                                                                                             
 xmax=10.0                                                                                                                                            
 ymax=10.0                                                                                                                                            
 zmax=10.0                                                                                                                                            
                                                                                                                                                      
 initial_timestep=0.1                                                                                                                                 
 max_timestep=0.1                                                                                                                                     
 end_step=10                                                                                                                                          
 end_time=1000.1                                                                                                                                      
 profiler_on=1                                                                                                                                        
                                                                                                                                                      
*endclover                                                                                                                                            

 Initialising and generating

 Reading input file

 Reading specification for state            1

            state density   0.2000E+00
             state energy   0.1000E+01

 Reading specification for state            2

            state density   0.1000E+01
             state energy   0.2500E+01
      state geometry cuboid
               state xmin   0.0000E+00
               state xmax   0.5000E+01
               state ymin   0.0000E+00
               state ymax   0.2000E+01
               state zmin   0.0000E+00
               state zmax   0.4000E+01

                   x_cells         128
                   y_cells         128
                   z_cells         128
        Cache BLOCK_SIZE_x         128
        Cache BLOCK_SIZE_y           4
        Cache BLOCK_SIZE_z           4
                      xmin  0.0000E+00
                      ymin  0.0000E+00
                      zmin  0.0000E+00
                      xmax  0.1000E+02
                      ymax  0.1000E+02
                      zmax  0.1000E+02
         initial_timestep   0.1000E+00
              max_timestep  0.1000E+00
                  end_step          10
                  end_time  0.1000E+04
               Profiler on

     Using Fortran Kernels

 Input read finished.

 Setting up initial geometry


 Decomposing the mesh into            1  by            1  by            1  chunks


 Decomposing the Chunk into            1  by            1  by            1  tiles

 Generating chunks

 Problem initialised and generated

 Time    0.0000000000000000     
                       Volume            Mass         Density        Pressure Internal Energy  Kinetic Energy    Total Energy
 step:      0  0.10000000E+04  0.23300781E+03  0.23300781E+00  0.11795898E+00  0.29489746E+03  0.00000000E+00  0.29489746E+03

 Starting the calculation
 Step       1 time   0.0000000 control    sound    timestep   4.95E-02       1,       1 x  3.91E-02 y  3.91E-02
 Wall clock   0.63388013839721680     
 Average time per cell    3.8688973290845752E-005
 Step time per cell       3.8688973290845752E-005
 Step       2 time   0.0495208 control    sound    timestep   1.91E-02       1,       1 x  3.91E-02 y  3.91E-02
 Wall clock    1.2609000205993652     
 Average time per cell    3.8479614886455238E-005
 Step time per cell       3.8266778574325144E-005
 Step       3 time   0.0685872 control    sound    timestep   2.00E-02       1,       1 x  3.91E-02 y  3.91E-02
 Wall clock    1.9184911251068115     
 Average time per cell    3.9031801861710846E-005
 Step time per cell       4.0133614675141871E-005
 Step       4 time   0.0886071 control    sound    timestep   2.10E-02       1,       1 x  3.91E-02 y  3.91E-02
 Wall clock    2.5596261024475098     
 Average time per cell    3.9056794776115566E-005
 Step time per cell       3.9126229239627719E-005
 Step       5 time   0.1096279 control    sound    timestep   2.21E-02       1,       1 x  3.91E-02 y  3.91E-02
 Wall clock    3.2060191631317139     
 Average time per cell    3.9135976112447676E-005
 Step time per cell       3.9449645555578172E-005
 Step       6 time   0.1316997 control    sound    timestep   2.32E-02       1,       1 x  3.91E-02 y  3.91E-02
 Wall clock    3.8406031131744385     
 Average time per cell    3.9068635184473045E-005
 Step time per cell       3.8729252992197871E-005
 Step       7 time   0.1548751 control    sound    timestep   2.43E-02       1,       1 x  3.91E-02 y  3.91E-02
 Wall clock    4.4816491603851318     
 Average time per cell    3.9076879537398259E-005
 Step time per cell       3.9124031900428236E-005
 Step       8 time   0.1792094 control    sound    timestep   2.56E-02       1,       1 x  3.91E-02 y  3.91E-02
 Wall clock    5.1092619895935059     
 Average time per cell    3.8980575482128188E-005
 Step time per cell       3.8304133340716362E-005
 Step       9 time   0.2047603 control    sound    timestep   2.68E-02       1,       1 x  3.91E-02 y  3.91E-02
 Wall clock    5.7576060295104980     
 Average time per cell    3.9046264848568375E-005
 Step time per cell       3.9569451473653316E-005
 Step      10 time   0.2315887 control    sound    timestep   2.82E-02       1,       1 x  3.91E-02 y  3.91E-02

 Time   0.25975862561093060     
                       Volume            Mass         Density        Pressure Internal Energy  Kinetic Energy    Total Energy
 step:     10  0.10000000E+04  0.23300845E+03  0.23300845E+00  0.11655717E+00  0.29139293E+03  0.31739903E+01  0.29456692E+03


 Time   0.25975862561093060     
                       Volume            Mass         Density        Pressure Internal Energy  Kinetic Energy    Total Energy
 step:     10  0.10000000E+04  0.23300845E+03  0.23300845E+00  0.11655717E+00  0.29139293E+03  0.31739903E+01  0.29456692E+03


 Calculation complete
 Clover is finishing
 Wall clock    6.4541831016540527     
 First step overhead   6.9072246551513672E-003

Profiler Output                 Time            Percentage
Timestep              :          0.4074          6.3115
Ideal Gas             :          0.1478          2.2896
Viscosity             :          0.3719          5.7623
PdV                   :          0.6226          9.6465
Revert                :          0.1055          1.6338
Acceleration          :          0.3822          5.9218
Fluxes                :          0.1895          2.9360
Cell Advection        :          1.2028         18.6354
Momentum Advection    :          2.3936         37.0866
Reset                 :          0.1518          2.3521
Tile Halo Exchange    :          0.0001          0.0013
Self Halo Exchange    :          0.4547          7.0455
MPI Halo Exchange     :          0.0002          0.0028
Summary               :          0.0231          0.3571
Visit                 :          0.0000          0.0000
Total                 :          6.4530         99.9824
The Rest              :          0.0011          0.0176
 FLOPS: Cell Adv                    :                    0
 FLOPS: Mom Adv                     :          22661763503
 Momentum Adv Bytes                 :         299663549096
